<?xml version="1.0" encoding="UTF-8"?>
<!-- Generated by org.testng.reporters.JUnitReportReporter -->
<testsuite hostname="DESKTOP-E6P2TPN" failures="0" tests="1" name="cucumberOptions.TestNGTestRunner" time="7.200" errors="0" timestamp="2024-01-19T19:36:55 IST" skipped="0">
  <testcase classname="cucumberOptions.TestNGTestRunner" name="runScenario" time="7.200"/>
</testsuite> <!-- cucumberOptions.TestNGTestRunner -->
